[2026-04-07 00:36:19] Server is starting.
[2026-04-07 00:36:19] Server started at port 8888
[2026-04-07 00:36:47] New client connected. descriptor=724
[2026-04-07 00:36:50] Register success: 111
[2026-04-07 00:36:57] User login success: 111
[2026-04-07 00:37:33] New client connected. descriptor=704
[2026-04-07 00:37:36] Register success: 222
[2026-04-07 00:37:40] User login success: 222
[2026-04-07 00:37:46] Message forwarded: 222 -> 111
[2026-04-07 00:38:11] Message forwarded: 111 -> 222
[2026-04-07 00:38:50] Client disconnected. user=222
[2026-04-07 00:38:50] User logout: 222
[2026-04-07 00:38:51] Client disconnected. user=111
[2026-04-07 00:38:51] User logout: 111
[2026-04-07 09:26:28] Server is starting.
[2026-04-07 09:26:28] Server started at port 8888
[2026-04-07 09:31:58] Server is starting.
[2026-04-07 09:31:58] Listen failed: The bound address is already in use
[2026-04-07 09:35:17] Server is starting.
[2026-04-07 09:35:17] Listen failed: The bound address is already in use
[2026-04-07 09:38:06] New client connected. descriptor=824
[2026-04-07 09:38:09] Register success: a
[2026-04-07 09:38:15] User login success: a
[2026-04-07 09:39:01] Server is starting.
[2026-04-07 09:39:01] Listen failed: The bound address is already in use
[2026-04-07 09:39:01] Server is starting.
[2026-04-07 09:39:01] Listen failed: The bound address is already in use
[2026-04-07 09:39:17] New client connected. descriptor=812
[2026-04-07 09:39:19] Register success: b
[2026-04-07 09:39:24] User login success: b
[2026-04-07 09:39:28] Message forwarded: b -> a
[2026-04-07 09:39:38] Message forwarded: a -> b
[2026-04-07 09:41:39] Message forwarded: a -> b
[2026-04-07 09:43:01] Client disconnected. user=a
[2026-04-07 09:43:01] User logout: a
[2026-04-07 09:43:24] Client disconnected. user=b
[2026-04-07 09:43:24] User logout: b
[2026-04-07 09:43:27] New client connected. descriptor=876
[2026-04-07 09:43:37] User login success: a
[2026-04-07 09:43:43] New client connected. descriptor=908
[2026-04-07 09:43:43] User login success: b
[2026-04-07 09:44:13] Message forwarded: b -> a
[2026-04-07 09:44:19] Message forwarded: a -> b
[2026-04-07 09:46:01] Client disconnected. user=a
[2026-04-07 09:46:01] User logout: a
[2026-04-07 09:46:01] Client disconnected. user=b
[2026-04-07 09:46:01] User logout: b
[2026-04-07 09:46:21] Server is starting.
[2026-04-07 09:46:21] Server started at port 8888
[2026-04-07 09:46:49] Server is starting.
[2026-04-07 09:46:49] Server started at port 8888
[2026-04-07 09:47:32] New client connected. descriptor=876
[2026-04-07 09:47:36] User login success: a
[2026-04-07 09:47:46] Server is starting.
[2026-04-07 09:47:46] Listen failed: The bound address is already in use
[2026-04-07 09:47:54] New client connected. descriptor=740
[2026-04-07 09:47:54] User login success: b
[2026-04-07 09:48:04] Client disconnected. user=a
[2026-04-07 09:48:04] User logout: a
[2026-04-07 09:48:05] Client disconnected. user=b
[2026-04-07 09:48:05] User logout: b
[2026-04-07 09:48:45] Server is starting.
[2026-04-07 09:48:45] Server started at port 8888
[2026-04-07 09:50:08] Server is starting.
[2026-04-07 09:50:08] Server started at port 8888
[2026-04-07 09:50:13] New client connected. descriptor=828
[2026-04-07 09:50:16] User login success: a
[2026-04-07 09:50:24] Client disconnected. user=a
[2026-04-07 09:50:24] User logout: a
